<?xml version="1.0" encoding="UTF-8"?>
<testng-results skipped="0" failed="0" ignored="0" total="1" passed="1">
  <reporter-output>
  </reporter-output>
  <suite name="appTest" duration-ms="23" started-at="2019-03-11T13:09:04Z" finished-at="2019-03-11T13:09:04Z">
    <groups>
    </groups>
    <test name="Command line test" duration-ms="23" started-at="2019-03-11T13:09:04Z" finished-at="2019-03-11T13:09:04Z">
      <class name="appTest">
        <test-method status="PASS" signature="test()[pri:0, instance:appTest@1fbc7afb]" name="test" duration-ms="10" started-at="2019-03-11T18:39:04Z" finished-at="2019-03-11T18:39:04Z">
          <reporter-output>
          </reporter-output>
        </test-method> <!-- test -->
      </class> <!-- appTest -->
    </test> <!-- Command line test -->
  </suite> <!-- appTest -->
</testng-results>
